Line 41: Class TabDlg.SSTab of control SSTab1 was not a loaded control class.
Line 47: The property name _ExtentX in SSTab1 is invalid.
Line 48: The property name _ExtentY in SSTab1 is invalid.
Line 49: The property name _Version in SSTab1 is invalid.
Line 50: The property name Style in SSTab1 is invalid.
Line 51: The property name Tabs in SSTab1 is invalid.
Line 52: The property name TabHeight in SSTab1 is invalid.
Line 53: The property name TabCaption(0) in SSTab1 is invalid.
Line 54: The property name TabPicture(0) in SSTab1 is invalid.
Line 55: The property name Tab(0).ControlEnabled in SSTab1 is invalid.
Line 56: The property name Tab(0).Control(0) in SSTab1 is invalid.
Line 57: The property name Tab(0).Control(0).Enabled in SSTab1 is invalid.
Line 58: The property name Tab(0).Control(1) in SSTab1 is invalid.
Line 59: The property name Tab(0).Control(1).Enabled in SSTab1 is invalid.
Line 60: The property name Tab(0).Control(2) in SSTab1 is invalid.
Line 61: The property name Tab(0).Control(2).Enabled in SSTab1 is invalid.
Line 62: The property name Tab(0).Control(3) in SSTab1 is invalid.
Line 63: The property name Tab(0).Control(3).Enabled in SSTab1 is invalid.
Line 64: The property name Tab(0).Control(4) in SSTab1 is invalid.
Line 65: The property name Tab(0).Control(4).Enabled in SSTab1 is invalid.
Line 66: The property name Tab(0).Control(5) in SSTab1 is invalid.
Line 67: The property name Tab(0).Control(5).Enabled in SSTab1 is invalid.
Line 68: The property name Tab(0).Control(6) in SSTab1 is invalid.
Line 69: The property name Tab(0).Control(6).Enabled in SSTab1 is invalid.
Line 70: The property name Tab(0).Control(7) in SSTab1 is invalid.
Line 71: The property name Tab(0).Control(7).Enabled in SSTab1 is invalid.
Line 72: The property name Tab(0).Control(8) in SSTab1 is invalid.
Line 73: The property name Tab(0).Control(8).Enabled in SSTab1 is invalid.
Line 74: The property name Tab(0).Control(9) in SSTab1 is invalid.
Line 75: The property name Tab(0).Control(9).Enabled in SSTab1 is invalid.
Line 76: The property name Tab(0).Control(10) in SSTab1 is invalid.
Line 77: The property name Tab(0).Control(10).Enabled in SSTab1 is invalid.
Line 78: The property name Tab(0).Control(11) in SSTab1 is invalid.
Line 79: The property name Tab(0).Control(11).Enabled in SSTab1 is invalid.
Line 80: The property name Tab(0).Control(12) in SSTab1 is invalid.
Line 81: The property name Tab(0).Control(12).Enabled in SSTab1 is invalid.
Line 82: The property name Tab(0).Control(13) in SSTab1 is invalid.
Line 83: The property name Tab(0).Control(13).Enabled in SSTab1 is invalid.
Line 84: The property name Tab(0).Control(14) in SSTab1 is invalid.
Line 85: The property name Tab(0).Control(14).Enabled in SSTab1 is invalid.
Line 86: The property name Tab(0).Control(15) in SSTab1 is invalid.
Line 87: The property name Tab(0).Control(15).Enabled in SSTab1 is invalid.
Line 88: The property name Tab(0).Control(16) in SSTab1 is invalid.
Line 89: The property name Tab(0).Control(16).Enabled in SSTab1 is invalid.
Line 90: The property name Tab(0).Control(17) in SSTab1 is invalid.
Line 91: The property name Tab(0).Control(17).Enabled in SSTab1 is invalid.
Line 92: The property name Tab(0).Control(18) in SSTab1 is invalid.
Line 93: The property name Tab(0).Control(18).Enabled in SSTab1 is invalid.
Line 94: The property name Tab(0).Control(19) in SSTab1 is invalid.
Line 95: The property name Tab(0).Control(19).Enabled in SSTab1 is invalid.
Line 96: The property name Tab(0).Control(20) in SSTab1 is invalid.
Line 97: The property name Tab(0).Control(20).Enabled in SSTab1 is invalid.
Line 98: The property name Tab(0).Control(21) in SSTab1 is invalid.
Line 99: The property name Tab(0).Control(21).Enabled in SSTab1 is invalid.
Line 100: The property name Tab(0).Control(22) in SSTab1 is invalid.
Line 101: The property name Tab(0).Control(22).Enabled in SSTab1 is invalid.
Line 102: The property name Tab(0).Control(23) in SSTab1 is invalid.
Line 103: The property name Tab(0).Control(23).Enabled in SSTab1 is invalid.
Line 104: The property name Tab(0).Control(24) in SSTab1 is invalid.
Line 105: The property name Tab(0).Control(24).Enabled in SSTab1 is invalid.
Line 106: The property name Tab(0).Control(25) in SSTab1 is invalid.
Line 107: The property name Tab(0).Control(25).Enabled in SSTab1 is invalid.
Line 108: The property name Tab(0).Control(26) in SSTab1 is invalid.
Line 109: The property name Tab(0).Control(26).Enabled in SSTab1 is invalid.
Line 110: The property name Tab(0).Control(27) in SSTab1 is invalid.
Line 111: The property name Tab(0).Control(27).Enabled in SSTab1 is invalid.
Line 112: The property name Tab(0).Control(28) in SSTab1 is invalid.
Line 113: The property name Tab(0).Control(28).Enabled in SSTab1 is invalid.
Line 114: The property name Tab(0).Control(29) in SSTab1 is invalid.
Line 115: The property name Tab(0).Control(29).Enabled in SSTab1 is invalid.
Line 116: The property name Tab(0).Control(30) in SSTab1 is invalid.
Line 117: The property name Tab(0).Control(30).Enabled in SSTab1 is invalid.
Line 118: The property name Tab(0).Control(31) in SSTab1 is invalid.
Line 119: The property name Tab(0).Control(31).Enabled in SSTab1 is invalid.
Line 120: The property name Tab(0).Control(32) in SSTab1 is invalid.
Line 121: The property name Tab(0).Control(32).Enabled in SSTab1 is invalid.
Line 122: The property name Tab(0).Control(33) in SSTab1 is invalid.
Line 123: The property name Tab(0).Control(33).Enabled in SSTab1 is invalid.
Line 124: The property name Tab(0).Control(34) in SSTab1 is invalid.
Line 125: The property name Tab(0).Control(34).Enabled in SSTab1 is invalid.
Line 126: The property name Tab(0).Control(35) in SSTab1 is invalid.
Line 127: The property name Tab(0).Control(35).Enabled in SSTab1 is invalid.
Line 128: The property name Tab(0).Control(36) in SSTab1 is invalid.
Line 129: The property name Tab(0).Control(36).Enabled in SSTab1 is invalid.
Line 130: The property name Tab(0).Control(37) in SSTab1 is invalid.
Line 131: The property name Tab(0).Control(37).Enabled in SSTab1 is invalid.
Line 132: The property name Tab(0).Control(38) in SSTab1 is invalid.
Line 133: The property name Tab(0).Control(38).Enabled in SSTab1 is invalid.
Line 134: The property name Tab(0).Control(39) in SSTab1 is invalid.
Line 135: The property name Tab(0).Control(39).Enabled in SSTab1 is invalid.
Line 136: The property name Tab(0).Control(40) in SSTab1 is invalid.
Line 137: The property name Tab(0).Control(40).Enabled in SSTab1 is invalid.
Line 138: The property name Tab(0).ControlCount in SSTab1 is invalid.
Line 139: The property name TabCaption(1) in SSTab1 is invalid.
Line 140: The property name TabPicture(1) in SSTab1 is invalid.
Line 141: The property name Tab(1).ControlEnabled in SSTab1 is invalid.
Line 142: The property name Tab(1).Control(0) in SSTab1 is invalid.
Line 143: The property name Tab(1).Control(0).Enabled in SSTab1 is invalid.
Line 144: The property name Tab(1).Control(1) in SSTab1 is invalid.
Line 145: The property name Tab(1).Control(1).Enabled in SSTab1 is invalid.
Line 146: The property name Tab(1).Control(2) in SSTab1 is invalid.
Line 147: The property name Tab(1).Control(2).Enabled in SSTab1 is invalid.
Line 148: The property name Tab(1).ControlCount in SSTab1 is invalid.
Line 1163: Property Picture in Command44 could not be set.
Line 1201: Property Picture in Command9 had an invalid file reference.
